#
# There is insufficient memory for the Java Runtime Environment to continue.
# Native memory allocation (malloc) failed to allocate 1048576 bytes for AllocateHeap
# Possible reasons:
#   The system is out of physical RAM or swap space
#   In 32 bit mode, the process size limit was hit
# Possible solutions:
#   Reduce memory load on the system
#   Increase physical memory or swap space
#   Check if swap backing store is full
#   Use 64 bit Java on a 64 bit OS
#   Decrease Java heap size (-Xmx/-Xms)
#   Decrease number of Java threads
#   Decrease Java thread stack sizes (-Xss)
#   Set larger code cache with -XX:ReservedCodeCacheSize=
# This output file may be truncated or incomplete.
#
#  Out of Memory Error (memory/allocation.inline.hpp:61), pid=11740, tid=0x00000000000056b4
#
# JRE version:  (8.0_102-b14) (build )
# Java VM: Java HotSpot(TM) 64-Bit Server VM (25.102-b14 mixed mode windows-amd64 compressed oops)
# Failed to write core dump. Minidumps are not enabled by default on client versions of Windows
#

---------------  T H R E A D  ---------------

Current thread (0x0000000002640800):  JavaThread "Unknown thread" [_thread_in_vm, id=22196, stack(0x0000000002540000,0x0000000002640000)]

Stack: [0x0000000002540000,0x0000000002640000]
[error occurred during error reporting (printing stack bounds), id 0xc0000005]

Native frames: (J=compiled Java code, j=interpreted, Vv=VM code, C=native code)


---------------  P R O C E S S  ---------------

Java Threads: ( => current thread )

Other Threads:

=>0x0000000002640800 (exited) JavaThread "Unknown thread" [_thread_in_vm, id=22196, stack(0x0000000002540000,0x0000000002640000)]

VM state:not at safepoint (normal execution)

VM Mutex/Monitor currently owned by a thread: None

Heap:
 PSYoungGen      total 76288K, used 1310K [0x000000076b400000, 0x0000000770900000, 0x00000007c0000000)
  eden space 65536K, 2% used [0x000000076b400000,0x000000076b547af0,0x000000076f400000)
  from space 10752K, 0% used [0x000000076fe80000,0x000000076fe80000,0x0000000770900000)
  to   space 10752K, 0% used [0x000000076f400000,0x000000076f400000,0x000000076fe80000)
 ParOldGen       total 175104K, used 0K [0x00000006c1c00000, 0x00000006cc700000, 0x000000076b400000)
  object space 175104K, 0% used [0x00000006c1c00000,0x00000006c1c00000,0x00000006cc700000)
 Metaspace       used 746K, capacity 4480K, committed 4480K, reserved 1056768K
  class space    used 75K, capacity 384K, committed 384K, reserved 1048576K

Card table byte_map: [0x0000000011b00000,0x0000000012300000] byte_map_base: 0x000000000e4f2000

Marking Bits: (ParMarkBitMap*) 0x000000007187a6c0
 Begin Bits: [0x0000000013050000, 0x0000000016fe0000)
 End Bits:   [0x0000000016fe0000, 0x000000001af70000)

Polling page: 0x0000000000ce0000

CodeCache: size=245760Kb used=328Kb max_used=328Kb free=245431Kb
 bounds [0x0000000002740000, 0x00000000029b0000, 0x0000000011740000]
 total_blobs=58 nmethods=0 adapters=38
 compilation: enabled

Compilation events (0 events):
No events

GC Heap History (0 events):
No events

Deoptimization events (0 events):
No events

Internal exceptions (0 events):
No events

Events (10 events):
Event: 0.026 loading class java/lang/Short
Event: 0.026 loading class java/lang/Short done
Event: 0.026 loading class java/lang/Integer
Event: 0.026 loading class java/lang/Integer done
Event: 0.026 loading class java/lang/Long
Event: 0.026 loading class java/lang/Long done
Event: 0.026 loading class java/lang/NullPointerException
Event: 0.026 loading class java/lang/NullPointerException done
Event: 0.026 loading class java/lang/ArithmeticException
Event: 0.026 loading class java/lang/ArithmeticException done


Dynamic libraries:
0x00007ff7f1d30000 - 0x00007ff7f1d67000 	C:\Program Files\Java\jre1.8.0_102\bin\javaw.exe
0x00007ffdb1390000 - 0x00007ffdb1561000 	C:\WINDOWS\SYSTEM32\ntdll.dll
0x00007ffdaeed0000 - 0x00007ffdaef7b000 	C:\WINDOWS\System32\KERNEL32.DLL
0x00007ffdae3f0000 - 0x00007ffdae60d000 	C:\WINDOWS\System32\KERNELBASE.dll
0x00007ffdb0e70000 - 0x00007ffdb0f12000 	C:\WINDOWS\System32\ADVAPI32.dll
0x00007ffdb0d40000 - 0x00007ffdb0dde000 	C:\WINDOWS\System32\msvcrt.dll
0x00007ffdb0e00000 - 0x00007ffdb0e59000 	C:\WINDOWS\System32\sechost.dll
0x00007ffdae950000 - 0x00007ffdaea71000 	C:\WINDOWS\System32\RPCRT4.dll
0x00007ffdaf3b0000 - 0x00007ffdaf515000 	C:\WINDOWS\System32\USER32.dll
0x00007ffdae190000 - 0x00007ffdae1ae000 	C:\WINDOWS\System32\win32u.dll
0x00007ffdb1350000 - 0x00007ffdb1384000 	C:\WINDOWS\System32\GDI32.dll
0x00007ffdae1b0000 - 0x00007ffdae332000 	C:\WINDOWS\System32\gdi32full.dll
0x00007ffda7fb0000 - 0x00007ffda822a000 	C:\WINDOWS\WinSxS\amd64_microsoft.windows.common-controls_6595b64144ccf1df_6.0.14393.351_none_4213128bc687e6d3\COMCTL32.dll
0x00007ffdaeba0000 - 0x00007ffdaee67000 	C:\WINDOWS\System32\combase.dll
0x00007ffdae6b0000 - 0x00007ffdae7a5000 	C:\WINDOWS\System32\ucrtbase.dll
0x00007ffdae860000 - 0x00007ffdae8ca000 	C:\WINDOWS\System32\bcryptPrimitives.dll
0x00007ffdae920000 - 0x00007ffdae94e000 	C:\WINDOWS\System32\IMM32.DLL
0x0000000070dc0000 - 0x0000000070e91000 	C:\Program Files\Java\jre1.8.0_102\bin\msvcr100.dll
0x0000000071060000 - 0x00000000718fa000 	C:\Program Files\Java\jre1.8.0_102\bin\server\jvm.dll
0x00007ffdaf820000 - 0x00007ffdaf828000 	C:\WINDOWS\System32\PSAPI.DLL
0x00007ffdab6a0000 - 0x00007ffdab6c3000 	C:\WINDOWS\SYSTEM32\WINMM.dll
0x00007ffd9baa0000 - 0x00007ffd9baa9000 	C:\WINDOWS\SYSTEM32\WSOCK32.dll
0x00007ffda9570000 - 0x00007ffda957a000 	C:\WINDOWS\SYSTEM32\VERSION.dll
0x00007ffdaefe0000 - 0x00007ffdaf04a000 	C:\WINDOWS\System32\WS2_32.dll
0x00007ffdab540000 - 0x00007ffdab56b000 	C:\WINDOWS\SYSTEM32\WINMMBASE.dll
0x00007ffdae8d0000 - 0x00007ffdae912000 	C:\WINDOWS\System32\cfgmgr32.dll
0x0000000070f70000 - 0x0000000070f7f000 	C:\Program Files\Java\jre1.8.0_102\bin\verify.dll
0x0000000070f40000 - 0x0000000070f69000 	C:\Program Files\Java\jre1.8.0_102\bin\java.dll
0x0000000070f20000 - 0x0000000070f36000 	C:\Program Files\Java\jre1.8.0_102\bin\zip.dll

VM Arguments:
jvm_args: -Dfile.encoding=Cp1252 
java_command: apps.TrieApp
java_class_path (initial): C:\Users\joepa\workspace\Trie\bin
Launcher Type: SUN_STANDARD

Environment Variables:
PATH=C:/Program Files/Java/jre1.8.0_102/bin/server;C:/Program Files/Java/jre1.8.0_102/bin;C:/Program Files/Java/jre1.8.0_102/lib/amd64;C:\ProgramData\Oracle\Java\javapath;C:\Program Files (x86)\Intel\iCLS Client\;C:\Program Files\Intel\iCLS Client\;C:\Windows\system32;C:\Windows;C:\Windows\System32\Wbem;C:\Windows\System32\WindowsPowerShell\v1.0\;C:\Program Files (x86)\Intel\Intel(R) Management Engine Components\DAL;C:\Program Files\Intel\Intel(R) Management Engine Components\DAL;C:\Program Files (x86)\Intel\Intel(R) Management Engine Components\IPT;C:\Program Files\Intel\Intel(R) Management Engine Components\IPT;C:\Program Files (x86)\NVIDIA Corporation\PhysX\Common;C:\Program Files\Intel\WiFi\bin\;C:\Program Files\Common Files\Intel\WirelessCommon\;C:\Program Files (x86)\Skype\Phone\;C:\WINDOWS\system32;C:\WINDOWS;C:\WINDOWS\System32\Wbem;C:\WINDOWS\System32\WindowsPowerShell\v1.0\;C:\Users\joepa\AppData\Local\Microsoft\WindowsApps;;C:\Users\joepa\eclipse\java-neon\eclipse;
USERNAME=joepa
OS=Windows_NT
PROCESSOR_IDENTIFIER=Intel64 Family 6 Model 94 Stepping 3, GenuineIntel



---------------  S Y S T E M  ---------------

OS: Windows 10.0 , 64 bit Build 14393 (10.0.14393.0)

CPU:total 8 (4 cores per cpu, 2 threads per core) family 6 model 94 stepping 3, cmov, cx8, fxsr, mmx, sse, sse2, sse3, ssse3, sse4.1, sse4.2, popcnt, avx, avx2, aes, clmul, erms, rtm, 3dnowpref, lzcnt, ht, tsc, tscinvbit, bmi1, bmi2, adx

Memory: 4k page, physical 16658104k(10568260k free), swap 46215476k(6216k free)

vm_info: Java HotSpot(TM) 64-Bit Server VM (25.102-b14) for windows-amd64 JRE (1.8.0_102-b14), built on Jun 22 2016 13:15:21 by "java_re" with MS VC++ 10.0 (VS2010)

time: Fri Nov 04 01:37:19 2016
elapsed time: 0 seconds (0d 0h 0m 0s)

